Build started 01-Dec-15 12:44:34 AM.
     1>Project "C:\Users\user\Documents\Visual Studio 2015\Projects\SPManager\UnitTest2\UnitTest2.vcxproj" on node 2 (Build target(s)).
     1>ClCompile:
         C:\Program Files (x86)\Microsoft Visual Studio 14.0\VC\bin\CL.exe /c /I"C:\Program Files (x86)\Microsoft Visual Studio 14.0\VC\UnitTest\include" /ZI /nologo /W3 /WX- /Od /Oy- /D WIN32 /D _DEBUG /D _WINDLL /D _UNICODE /D UNICODE /Gm /EHsc /RTC1 /MDd /GS /fp:precise /Zc:wchar_t /Zc:forScope /Zc:inline /Yu"stdafx.h" /Fp"Debug\UnitTest2.pch" /Fo"Debug\\" /Fd"Debug\vc140.pdb" /Gd /TP /analyze- /FC /errorReport:prompt UserTests.cpp
         UserTests.cpp
       Link:
         C:\Program Files (x86)\Microsoft Visual Studio 14.0\VC\bin\link.exe /ERRORREPORT:PROMPT /OUT:"C:\Users\user\Documents\Visual Studio 2015\Projects\SPManager\Debug\UnitTest2.dll" /INCREMENTAL /NOLOGO /LIBPATH:"C:\Program Files (x86)\Microsoft Visual Studio 14.0\VC\UnitTest\lib" kernel32.lib user32.lib gdi32.lib winspool.lib comdlg32.lib advapi32.lib shell32.lib ole32.lib oleaut32.lib uuid.lib odbc32.lib odbccp32.lib /MANIFEST /MANIFESTUAC:"level='asInvoker' uiAccess='false'" /manifest:embed /Debug /PDB:"C:\Users\user\Documents\Visual Studio 2015\Projects\SPManager\Debug\UnitTest2.pdb" /SUBSYSTEM:WINDOWS /TLBID:1 /DYNAMICBASE /NXCOMPAT /IMPLIB:"C:\Users\user\Documents\Visual Studio 2015\Projects\SPManager\Debug\UnitTest2.lib" /MACHINE:X86 /DLL Debug\stdafx.obj
         Debug\Positive.obj
         Debug\UserTests.obj
         "C:\Users\user\Documents\Visual Studio 2015\Projects\SPManager\Debug\Manager.lib"
     1>UserTests.obj : error LNK2005: _memory already defined in Positive.obj
     1>UserTests.obj : error LNK2005: _numberOfPages already defined in Positive.obj
     1>UserTests.obj : error LNK2005: _pageSize already defined in Positive.obj
     1>UserTests.obj : error LNK2005: _bitsForPageSize already defined in Positive.obj
     1>UserTests.obj : error LNK2005: _pageTable already defined in Positive.obj
     1>UserTests.obj : error LNK2005: _blockTable already defined in Positive.obj
     1>UserTests.obj : error LNK2005: _numberOfBlocks already defined in Positive.obj
     1>UserTests.obj : error LNK2005: _currentBlocksSize already defined in Positive.obj
     1>UserTests.obj : error LNK2005: _swap already defined in Positive.obj
            Creating library C:\Users\user\Documents\Visual Studio 2015\Projects\SPManager\Debug\UnitTest2.lib and object C:\Users\user\Documents\Visual Studio 2015\Projects\SPManager\Debug\UnitTest2.exp
     1>C:\Users\user\Documents\Visual Studio 2015\Projects\SPManager\Debug\UnitTest2.dll : fatal error LNK1169: one or more multiply defined symbols found
     1>Done Building Project "C:\Users\user\Documents\Visual Studio 2015\Projects\SPManager\UnitTest2\UnitTest2.vcxproj" (Build target(s)) -- FAILED.

Build FAILED.

Time Elapsed 00:00:01.32
