Build started 30-Nov-15 8:37:43 PM.
     1>Project "C:\Users\user\documents\visual studio 2015\Projects\SPManager\UnitTests\UnitTests.vcxproj" on node 2 (Build target(s)).
     1>ClCompile:
         C:\Program Files (x86)\Microsoft Visual Studio 14.0\VC\bin\CL.exe /c /I"C:\Program Files (x86)\Microsoft Visual Studio 14.0\VC\UnitTest\include" /AI"C:\Users\user\Documents\Visual Studio 2015\Projects\SPManager\Manager" /ZI /nologo /W3 /WX- /Od /Oy- /D WIN32 /D _DEBUG /D _UNICODE /D UNICODE /Gm /EHsc /RTC1 /MDd /GS /fp:precise /Zc:wchar_t /Zc:forScope /Zc:inline /Yu"stdafx.h" /Fp"Debug\UnitTests.pch" /Fo"Debug\\" /Fd"Debug\vc140.pdb" /Gd /TP /analyze- /FC /errorReport:prompt unittest1.cpp
         unittest1.cpp
       Link:
         C:\Program Files (x86)\Microsoft Visual Studio 14.0\VC\bin\link.exe /ERRORREPORT:PROMPT /OUT:"C:\Users\user\documents\visual studio 2015\Projects\SPManager\Debug\UnitTests.exe" /INCREMENTAL /NOLOGO /LIBPATH:"C:\Program Files (x86)\Microsoft Visual Studio 14.0\VC\UnitTest\lib" kernel32.lib user32.lib gdi32.lib winspool.lib comdlg32.lib advapi32.lib shell32.lib ole32.lib oleaut32.lib uuid.lib odbc32.lib odbccp32.lib /MANIFEST /MANIFESTUAC:"level='asInvoker' uiAccess='false'" /manifest:embed /Debug /PDB:"C:\Users\user\documents\visual studio 2015\Projects\SPManager\Debug\UnitTests.pdb" /SUBSYSTEM:WINDOWS /TLBID:1 /DYNAMICBASE /NXCOMPAT /IMPLIB:"C:\Users\user\documents\visual studio 2015\Projects\SPManager\Debug\UnitTests.lib" /MACHINE:X86 Debug\stdafx.obj
         Debug\unittest1.obj
         ..\Debug\Manager.lib
         "C:\Users\user\documents\visual studio 2015\Projects\SPManager\Debug\Manager.lib"
            Creating library C:\Users\user\documents\visual studio 2015\Projects\SPManager\Debug\UnitTests.lib and object C:\Users\user\documents\visual studio 2015\Projects\SPManager\Debug\UnitTests.exp
     1>MSVCRTD.lib(exe_winmain.obj) : error LNK2019: unresolved external symbol _WinMain@16 referenced in function "int __cdecl invoke_main(void)" (?invoke_main@@YAHXZ)
     1>C:\Users\user\documents\visual studio 2015\Projects\SPManager\Debug\UnitTests.exe : fatal error LNK1120: 1 unresolved externals
     1>Done Building Project "C:\Users\user\documents\visual studio 2015\Projects\SPManager\UnitTests\UnitTests.vcxproj" (Build target(s)) -- FAILED.

Build FAILED.

Time Elapsed 00:00:01.15
